[30-Dec-2020 17:14:33 UTC] PHP Warning:  sprintf(): Too few arguments in C:\Users\Usuario\Local Sites\medimagencom\app\public\wp-admin\includes\class-bulk-upgrader-skin.php on line 152
[30-Dec-2020 17:14:33 UTC] PHP Stack trace:
[30-Dec-2020 17:14:33 UTC] PHP   1. {main}() C:\Users\Usuario\Local Sites\medimagencom\app\public\wp-admin\themes.php:0
[30-Dec-2020 17:14:33 UTC] PHP   2. require_once() C:\Users\Usuario\Local Sites\medimagencom\app\public\wp-admin\themes.php:10
[30-Dec-2020 17:14:33 UTC] PHP   3. do_action() C:\Users\Usuario\Local Sites\medimagencom\app\public\wp-admin\admin.php:259
[30-Dec-2020 17:14:33 UTC] PHP   4. WP_Hook->do_action() C:\Users\Usuario\Local Sites\medimagencom\app\public\wp-includes\plugin.php:484
[30-Dec-2020 17:14:33 UTC] PHP   5. WP_Hook->apply_filters() C:\Users\Usuario\Local Sites\medimagencom\app\public\wp-includes\class-wp-hook.php:311
[30-Dec-2020 17:14:33 UTC] PHP   6. TGM_Plugin_Activation->install_plugins_page() C:\Users\Usuario\Local Sites\medimagencom\app\public\wp-includes\class-wp-hook.php:287
[30-Dec-2020 17:14:33 UTC] PHP   7. TGMPA_List_Table->process_bulk_actions() C:\Users\Usuario\Local Sites\medimagencom\app\public\wp-content\themes\mediclinic\includes\plugins\class-tgm-plugin-activation.php:743
[30-Dec-2020 17:14:33 UTC] PHP   8. TGMPA_Bulk_Installer->bulk_install() C:\Users\Usuario\Local Sites\medimagencom\app\public\wp-content\themes\mediclinic\includes\plugins\class-tgm-plugin-activation.php:2977
[30-Dec-2020 17:14:33 UTC] PHP   9. TGMPA_Bulk_Installer->run() C:\Users\Usuario\Local Sites\medimagencom\app\public\wp-content\themes\mediclinic\includes\plugins\class-tgm-plugin-activation.php:3371
[30-Dec-2020 17:14:33 UTC] PHP  10. TGMPA_Bulk_Installer->run() C:\Users\Usuario\Local Sites\medimagencom\app\public\wp-content\themes\mediclinic\includes\plugins\class-tgm-plugin-activation.php:3258
[30-Dec-2020 17:14:33 UTC] PHP  11. TGMPA_Bulk_Installer_Skin->after() C:\Users\Usuario\Local Sites\medimagencom\app\public\wp-admin\includes\class-wp-upgrader.php:813
[30-Dec-2020 17:14:33 UTC] PHP  12. TGMPA_Bulk_Installer_Skin->after() C:\Users\Usuario\Local Sites\medimagencom\app\public\wp-content\themes\mediclinic\includes\plugins\class-tgm-plugin-activation.php:3638
[30-Dec-2020 17:14:33 UTC] PHP  13. sprintf() C:\Users\Usuario\Local Sites\medimagencom\app\public\wp-admin\includes\class-bulk-upgrader-skin.php:152
[30-Dec-2020 17:14:33 UTC] PHP Warning:  sprintf(): Too few arguments in C:\Users\Usuario\Local Sites\medimagencom\app\public\wp-admin\includes\class-bulk-upgrader-skin.php on line 152
[30-Dec-2020 17:14:33 UTC] PHP Stack trace:
[30-Dec-2020 17:14:33 UTC] PHP   1. {main}() C:\Users\Usuario\Local Sites\medimagencom\app\public\wp-admin\themes.php:0
[30-Dec-2020 17:14:33 UTC] PHP   2. require_once() C:\Users\Usuario\Local Sites\medimagencom\app\public\wp-admin\themes.php:10
[30-Dec-2020 17:14:33 UTC] PHP   3. do_action() C:\Users\Usuario\Local Sites\medimagencom\app\public\wp-admin\admin.php:259
[30-Dec-2020 17:14:33 UTC] PHP   4. WP_Hook->do_action() C:\Users\Usuario\Local Sites\medimagencom\app\public\wp-includes\plugin.php:484
[30-Dec-2020 17:14:33 UTC] PHP   5. WP_Hook->apply_filters() C:\Users\Usuario\Local Sites\medimagencom\app\public\wp-includes\class-wp-hook.php:311
[30-Dec-2020 17:14:33 UTC] PHP   6. TGM_Plugin_Activation->install_plugins_page() C:\Users\Usuario\Local Sites\medimagencom\app\public\wp-includes\class-wp-hook.php:287
[30-Dec-2020 17:14:33 UTC] PHP   7. TGMPA_List_Table->process_bulk_actions() C:\Users\Usuario\Local Sites\medimagencom\app\public\wp-content\themes\mediclinic\includes\plugins\class-tgm-plugin-activation.php:743
[30-Dec-2020 17:14:33 UTC] PHP   8. TGMPA_Bulk_Installer->bulk_install() C:\Users\Usuario\Local Sites\medimagencom\app\public\wp-content\themes\mediclinic\includes\plugins\class-tgm-plugin-activation.php:2977
[30-Dec-2020 17:14:33 UTC] PHP   9. TGMPA_Bulk_Installer->run() C:\Users\Usuario\Local Sites\medimagencom\app\public\wp-content\themes\mediclinic\includes\plugins\class-tgm-plugin-activation.php:3371
[30-Dec-2020 17:14:33 UTC] PHP  10. TGMPA_Bulk_Installer->run() C:\Users\Usuario\Local Sites\medimagencom\app\public\wp-content\themes\mediclinic\includes\plugins\class-tgm-plugin-activation.php:3258
[30-Dec-2020 17:14:33 UTC] PHP  11. TGMPA_Bulk_Installer_Skin->after() C:\Users\Usuario\Local Sites\medimagencom\app\public\wp-admin\includes\class-wp-upgrader.php:813
[30-Dec-2020 17:14:33 UTC] PHP  12. TGMPA_Bulk_Installer_Skin->after() C:\Users\Usuario\Local Sites\medimagencom\app\public\wp-content\themes\mediclinic\includes\plugins\class-tgm-plugin-activation.php:3638
[30-Dec-2020 17:14:33 UTC] PHP  13. sprintf() C:\Users\Usuario\Local Sites\medimagencom\app\public\wp-admin\includes\class-bulk-upgrader-skin.php:152
[30-Dec-2020 17:14:33 UTC] PHP Warning:  sprintf(): Too few arguments in C:\Users\Usuario\Local Sites\medimagencom\app\public\wp-admin\includes\class-bulk-upgrader-skin.php on line 152
[30-Dec-2020 17:14:33 UTC] PHP Stack trace:
[30-Dec-2020 17:14:33 UTC] PHP   1. {main}() C:\Users\Usuario\Local Sites\medimagencom\app\public\wp-admin\themes.php:0
[30-Dec-2020 17:14:33 UTC] PHP   2. require_once() C:\Users\Usuario\Local Sites\medimagencom\app\public\wp-admin\themes.php:10
[30-Dec-2020 17:14:33 UTC] PHP   3. do_action() C:\Users\Usuario\Local Sites\medimagencom\app\public\wp-admin\admin.php:259
[30-Dec-2020 17:14:33 UTC] PHP   4. WP_Hook->do_action() C:\Users\Usuario\Local Sites\medimagencom\app\public\wp-includes\plugin.php:484
[30-Dec-2020 17:14:33 UTC] PHP   5. WP_Hook->apply_filters() C:\Users\Usuario\Local Sites\medimagencom\app\public\wp-includes\class-wp-hook.php:311
[30-Dec-2020 17:14:33 UTC] PHP   6. TGM_Plugin_Activation->install_plugins_page() C:\Users\Usuario\Local Sites\medimagencom\app\public\wp-includes\class-wp-hook.php:287
[30-Dec-2020 17:14:33 UTC] PHP   7. TGMPA_List_Table->process_bulk_actions() C:\Users\Usuario\Local Sites\medimagencom\app\public\wp-content\themes\mediclinic\includes\plugins\class-tgm-plugin-activation.php:743
[30-Dec-2020 17:14:33 UTC] PHP   8. TGMPA_Bulk_Installer->bulk_install() C:\Users\Usuario\Local Sites\medimagencom\app\public\wp-content\themes\mediclinic\includes\plugins\class-tgm-plugin-activation.php:2977
[30-Dec-2020 17:14:33 UTC] PHP   9. TGMPA_Bulk_Installer->run() C:\Users\Usuario\Local Sites\medimagencom\app\public\wp-content\themes\mediclinic\includes\plugins\class-tgm-plugin-activation.php:3371
[30-Dec-2020 17:14:33 UTC] PHP  10. TGMPA_Bulk_Installer->run() C:\Users\Usuario\Local Sites\medimagencom\app\public\wp-content\themes\mediclinic\includes\plugins\class-tgm-plugin-activation.php:3258
[30-Dec-2020 17:14:33 UTC] PHP  11. TGMPA_Bulk_Installer_Skin->after() C:\Users\Usuario\Local Sites\medimagencom\app\public\wp-admin\includes\class-wp-upgrader.php:813
[30-Dec-2020 17:14:33 UTC] PHP  12. TGMPA_Bulk_Installer_Skin->after() C:\Users\Usuario\Local Sites\medimagencom\app\public\wp-content\themes\mediclinic\includes\plugins\class-tgm-plugin-activation.php:3638
[30-Dec-2020 17:14:33 UTC] PHP  13. sprintf() C:\Users\Usuario\Local Sites\medimagencom\app\public\wp-admin\includes\class-bulk-upgrader-skin.php:152
[30-Dec-2020 17:14:39 UTC] PHP Warning:  sprintf(): Too few arguments in C:\Users\Usuario\Local Sites\medimagencom\app\public\wp-admin\includes\class-bulk-upgrader-skin.php on line 152
[30-Dec-2020 17:14:39 UTC] PHP Stack trace:
[30-Dec-2020 17:14:39 UTC] PHP   1. {main}() C:\Users\Usuario\Local Sites\medimagencom\app\public\wp-admin\themes.php:0
[30-Dec-2020 17:14:39 UTC] PHP   2. require_once() C:\Users\Usuario\Local Sites\medimagencom\app\public\wp-admin\themes.php:10
[30-Dec-2020 17:14:39 UTC] PHP   3. do_action() C:\Users\Usuario\Local Sites\medimagencom\app\public\wp-admin\admin.php:259
[30-Dec-2020 17:14:39 UTC] PHP   4. WP_Hook->do_action() C:\Users\Usuario\Local Sites\medimagencom\app\public\wp-includes\plugin.php:484
[30-Dec-2020 17:14:39 UTC] PHP   5. WP_Hook->apply_filters() C:\Users\Usuario\Local Sites\medimagencom\app\public\wp-includes\class-wp-hook.php:311
[30-Dec-2020 17:14:39 UTC] PHP   6. TGM_Plugin_Activation->install_plugins_page() C:\Users\Usuario\Local Sites\medimagencom\app\public\wp-includes\class-wp-hook.php:287
[30-Dec-2020 17:14:39 UTC] PHP   7. TGMPA_List_Table->process_bulk_actions() C:\Users\Usuario\Local Sites\medimagencom\app\public\wp-content\themes\mediclinic\includes\plugins\class-tgm-plugin-activation.php:743
[30-Dec-2020 17:14:39 UTC] PHP   8. TGMPA_Bulk_Installer->bulk_install() C:\Users\Usuario\Local Sites\medimagencom\app\public\wp-content\themes\mediclinic\includes\plugins\class-tgm-plugin-activation.php:2977
[30-Dec-2020 17:14:39 UTC] PHP   9. TGMPA_Bulk_Installer->run() C:\Users\Usuario\Local Sites\medimagencom\app\public\wp-content\themes\mediclinic\includes\plugins\class-tgm-plugin-activation.php:3371
[30-Dec-2020 17:14:39 UTC] PHP  10. TGMPA_Bulk_Installer->run() C:\Users\Usuario\Local Sites\medimagencom\app\public\wp-content\themes\mediclinic\includes\plugins\class-tgm-plugin-activation.php:3258
[30-Dec-2020 17:14:39 UTC] PHP  11. TGMPA_Bulk_Installer_Skin->after() C:\Users\Usuario\Local Sites\medimagencom\app\public\wp-admin\includes\class-wp-upgrader.php:813
[30-Dec-2020 17:14:39 UTC] PHP  12. TGMPA_Bulk_Installer_Skin->after() C:\Users\Usuario\Local Sites\medimagencom\app\public\wp-content\themes\mediclinic\includes\plugins\class-tgm-plugin-activation.php:3638
[30-Dec-2020 17:14:39 UTC] PHP  13. sprintf() C:\Users\Usuario\Local Sites\medimagencom\app\public\wp-admin\includes\class-bulk-upgrader-skin.php:152
[30-Dec-2020 17:14:41 UTC] PHP Warning:  sprintf(): Too few arguments in C:\Users\Usuario\Local Sites\medimagencom\app\public\wp-admin\includes\class-bulk-upgrader-skin.php on line 152
[30-Dec-2020 17:14:41 UTC] PHP Stack trace:
[30-Dec-2020 17:14:41 UTC] PHP   1. {main}() C:\Users\Usuario\Local Sites\medimagencom\app\public\wp-admin\themes.php:0
[30-Dec-2020 17:14:41 UTC] PHP   2. require_once() C:\Users\Usuario\Local Sites\medimagencom\app\public\wp-admin\themes.php:10
[30-Dec-2020 17:14:41 UTC] PHP   3. do_action() C:\Users\Usuario\Local Sites\medimagencom\app\public\wp-admin\admin.php:259
[30-Dec-2020 17:14:41 UTC] PHP   4. WP_Hook->do_action() C:\Users\Usuario\Local Sites\medimagencom\app\public\wp-includes\plugin.php:484
[30-Dec-2020 17:14:41 UTC] PHP   5. WP_Hook->apply_filters() C:\Users\Usuario\Local Sites\medimagencom\app\public\wp-includes\class-wp-hook.php:311
[30-Dec-2020 17:14:41 UTC] PHP   6. TGM_Plugin_Activation->install_plugins_page() C:\Users\Usuario\Local Sites\medimagencom\app\public\wp-includes\class-wp-hook.php:287
[30-Dec-2020 17:14:41 UTC] PHP   7. TGMPA_List_Table->process_bulk_actions() C:\Users\Usuario\Local Sites\medimagencom\app\public\wp-content\themes\mediclinic\includes\plugins\class-tgm-plugin-activation.php:743
[30-Dec-2020 17:14:41 UTC] PHP   8. TGMPA_Bulk_Installer->bulk_install() C:\Users\Usuario\Local Sites\medimagencom\app\public\wp-content\themes\mediclinic\includes\plugins\class-tgm-plugin-activation.php:2977
[30-Dec-2020 17:14:41 UTC] PHP   9. TGMPA_Bulk_Installer->run() C:\Users\Usuario\Local Sites\medimagencom\app\public\wp-content\themes\mediclinic\includes\plugins\class-tgm-plugin-activation.php:3371
[30-Dec-2020 17:14:41 UTC] PHP  10. TGMPA_Bulk_Installer->run() C:\Users\Usuario\Local Sites\medimagencom\app\public\wp-content\themes\mediclinic\includes\plugins\class-tgm-plugin-activation.php:3258
[30-Dec-2020 17:14:41 UTC] PHP  11. TGMPA_Bulk_Installer_Skin->after() C:\Users\Usuario\Local Sites\medimagencom\app\public\wp-admin\includes\class-wp-upgrader.php:813
[30-Dec-2020 17:14:41 UTC] PHP  12. TGMPA_Bulk_Installer_Skin->after() C:\Users\Usuario\Local Sites\medimagencom\app\public\wp-content\themes\mediclinic\includes\plugins\class-tgm-plugin-activation.php:3638
[30-Dec-2020 17:14:41 UTC] PHP  13. sprintf() C:\Users\Usuario\Local Sites\medimagencom\app\public\wp-admin\includes\class-bulk-upgrader-skin.php:152
[30-Dec-2020 17:14:48 UTC] PHP Warning:  sprintf(): Too few arguments in C:\Users\Usuario\Local Sites\medimagencom\app\public\wp-admin\includes\class-bulk-upgrader-skin.php on line 152
[30-Dec-2020 17:14:48 UTC] PHP Stack trace:
[30-Dec-2020 17:14:48 UTC] PHP   1. {main}() C:\Users\Usuario\Local Sites\medimagencom\app\public\wp-admin\themes.php:0
[30-Dec-2020 17:14:48 UTC] PHP   2. require_once() C:\Users\Usuario\Local Sites\medimagencom\app\public\wp-admin\themes.php:10
[30-Dec-2020 17:14:48 UTC] PHP   3. do_action() C:\Users\Usuario\Local Sites\medimagencom\app\public\wp-admin\admin.php:259
[30-Dec-2020 17:14:48 UTC] PHP   4. WP_Hook->do_action() C:\Users\Usuario\Local Sites\medimagencom\app\public\wp-includes\plugin.php:484
[30-Dec-2020 17:14:48 UTC] PHP   5. WP_Hook->apply_filters() C:\Users\Usuario\Local Sites\medimagencom\app\public\wp-includes\class-wp-hook.php:311
[30-Dec-2020 17:14:48 UTC] PHP   6. TGM_Plugin_Activation->install_plugins_page() C:\Users\Usuario\Local Sites\medimagencom\app\public\wp-includes\class-wp-hook.php:287
[30-Dec-2020 17:14:48 UTC] PHP   7. TGMPA_List_Table->process_bulk_actions() C:\Users\Usuario\Local Sites\medimagencom\app\public\wp-content\themes\mediclinic\includes\plugins\class-tgm-plugin-activation.php:743
[30-Dec-2020 17:14:48 UTC] PHP   8. TGMPA_Bulk_Installer->bulk_install() C:\Users\Usuario\Local Sites\medimagencom\app\public\wp-content\themes\mediclinic\includes\plugins\class-tgm-plugin-activation.php:2977
[30-Dec-2020 17:14:48 UTC] PHP   9. TGMPA_Bulk_Installer->run() C:\Users\Usuario\Local Sites\medimagencom\app\public\wp-content\themes\mediclinic\includes\plugins\class-tgm-plugin-activation.php:3371
[30-Dec-2020 17:14:48 UTC] PHP  10. TGMPA_Bulk_Installer->run() C:\Users\Usuario\Local Sites\medimagencom\app\public\wp-content\themes\mediclinic\includes\plugins\class-tgm-plugin-activation.php:3258
[30-Dec-2020 17:14:48 UTC] PHP  11. TGMPA_Bulk_Installer_Skin->after() C:\Users\Usuario\Local Sites\medimagencom\app\public\wp-admin\includes\class-wp-upgrader.php:813
[30-Dec-2020 17:14:48 UTC] PHP  12. TGMPA_Bulk_Installer_Skin->after() C:\Users\Usuario\Local Sites\medimagencom\app\public\wp-content\themes\mediclinic\includes\plugins\class-tgm-plugin-activation.php:3638
[30-Dec-2020 17:14:48 UTC] PHP  13. sprintf() C:\Users\Usuario\Local Sites\medimagencom\app\public\wp-admin\includes\class-bulk-upgrader-skin.php:152
[30-Dec-2020 17:14:49 UTC] PHP Warning:  sprintf(): Too few arguments in C:\Users\Usuario\Local Sites\medimagencom\app\public\wp-admin\includes\class-bulk-upgrader-skin.php on line 152
[30-Dec-2020 17:14:49 UTC] PHP Stack trace:
[30-Dec-2020 17:14:49 UTC] PHP   1. {main}() C:\Users\Usuario\Local Sites\medimagencom\app\public\wp-admin\themes.php:0
[30-Dec-2020 17:14:49 UTC] PHP   2. require_once() C:\Users\Usuario\Local Sites\medimagencom\app\public\wp-admin\themes.php:10
[30-Dec-2020 17:14:49 UTC] PHP   3. do_action() C:\Users\Usuario\Local Sites\medimagencom\app\public\wp-admin\admin.php:259
[30-Dec-2020 17:14:49 UTC] PHP   4. WP_Hook->do_action() C:\Users\Usuario\Local Sites\medimagencom\app\public\wp-includes\plugin.php:484
[30-Dec-2020 17:14:49 UTC] PHP   5. WP_Hook->apply_filters() C:\Users\Usuario\Local Sites\medimagencom\app\public\wp-includes\class-wp-hook.php:311
[30-Dec-2020 17:14:49 UTC] PHP   6. TGM_Plugin_Activation->install_plugins_page() C:\Users\Usuario\Local Sites\medimagencom\app\public\wp-includes\class-wp-hook.php:287
[30-Dec-2020 17:14:49 UTC] PHP   7. TGMPA_List_Table->process_bulk_actions() C:\Users\Usuario\Local Sites\medimagencom\app\public\wp-content\themes\mediclinic\includes\plugins\class-tgm-plugin-activation.php:743
[30-Dec-2020 17:14:49 UTC] PHP   8. TGMPA_Bulk_Installer->bulk_install() C:\Users\Usuario\Local Sites\medimagencom\app\public\wp-content\themes\mediclinic\includes\plugins\class-tgm-plugin-activation.php:2977
[30-Dec-2020 17:14:49 UTC] PHP   9. TGMPA_Bulk_Installer->run() C:\Users\Usuario\Local Sites\medimagencom\app\public\wp-content\themes\mediclinic\includes\plugins\class-tgm-plugin-activation.php:3371
[30-Dec-2020 17:14:49 UTC] PHP  10. TGMPA_Bulk_Installer->run() C:\Users\Usuario\Local Sites\medimagencom\app\public\wp-content\themes\mediclinic\includes\plugins\class-tgm-plugin-activation.php:3258
[30-Dec-2020 17:14:49 UTC] PHP  11. TGMPA_Bulk_Installer_Skin->after() C:\Users\Usuario\Local Sites\medimagencom\app\public\wp-admin\includes\class-wp-upgrader.php:813
[30-Dec-2020 17:14:49 UTC] PHP  12. TGMPA_Bulk_Installer_Skin->after() C:\Users\Usuario\Local Sites\medimagencom\app\public\wp-content\themes\mediclinic\includes\plugins\class-tgm-plugin-activation.php:3638
[30-Dec-2020 17:14:49 UTC] PHP  13. sprintf() C:\Users\Usuario\Local Sites\medimagencom\app\public\wp-admin\includes\class-bulk-upgrader-skin.php:152
[30-Dec-2020 17:14:50 UTC] PHP Warning:  sprintf(): Too few arguments in C:\Users\Usuario\Local Sites\medimagencom\app\public\wp-admin\includes\class-bulk-upgrader-skin.php on line 152
[30-Dec-2020 17:14:50 UTC] PHP Stack trace:
[30-Dec-2020 17:14:50 UTC] PHP   1. {main}() C:\Users\Usuario\Local Sites\medimagencom\app\public\wp-admin\themes.php:0
[30-Dec-2020 17:14:50 UTC] PHP   2. require_once() C:\Users\Usuario\Local Sites\medimagencom\app\public\wp-admin\themes.php:10
[30-Dec-2020 17:14:50 UTC] PHP   3. do_action() C:\Users\Usuario\Local Sites\medimagencom\app\public\wp-admin\admin.php:259
[30-Dec-2020 17:14:50 UTC] PHP   4. WP_Hook->do_action() C:\Users\Usuario\Local Sites\medimagencom\app\public\wp-includes\plugin.php:484
[30-Dec-2020 17:14:50 UTC] PHP   5. WP_Hook->apply_filters() C:\Users\Usuario\Local Sites\medimagencom\app\public\wp-includes\class-wp-hook.php:311
[30-Dec-2020 17:14:50 UTC] PHP   6. TGM_Plugin_Activation->install_plugins_page() C:\Users\Usuario\Local Sites\medimagencom\app\public\wp-includes\class-wp-hook.php:287
[30-Dec-2020 17:14:50 UTC] PHP   7. TGMPA_List_Table->process_bulk_actions() C:\Users\Usuario\Local Sites\medimagencom\app\public\wp-content\themes\mediclinic\includes\plugins\class-tgm-plugin-activation.php:743
[30-Dec-2020 17:14:50 UTC] PHP   8. TGMPA_Bulk_Installer->bulk_install() C:\Users\Usuario\Local Sites\medimagencom\app\public\wp-content\themes\mediclinic\includes\plugins\class-tgm-plugin-activation.php:2977
[30-Dec-2020 17:14:50 UTC] PHP   9. TGMPA_Bulk_Installer->run() C:\Users\Usuario\Local Sites\medimagencom\app\public\wp-content\themes\mediclinic\includes\plugins\class-tgm-plugin-activation.php:3371
[30-Dec-2020 17:14:50 UTC] PHP  10. TGMPA_Bulk_Installer->run() C:\Users\Usuario\Local Sites\medimagencom\app\public\wp-content\themes\mediclinic\includes\plugins\class-tgm-plugin-activation.php:3258
[30-Dec-2020 17:14:50 UTC] PHP  11. TGMPA_Bulk_Installer_Skin->after() C:\Users\Usuario\Local Sites\medimagencom\app\public\wp-admin\includes\class-wp-upgrader.php:813
[30-Dec-2020 17:14:50 UTC] PHP  12. TGMPA_Bulk_Installer_Skin->after() C:\Users\Usuario\Local Sites\medimagencom\app\public\wp-content\themes\mediclinic\includes\plugins\class-tgm-plugin-activation.php:3638
[30-Dec-2020 17:14:50 UTC] PHP  13. sprintf() C:\Users\Usuario\Local Sites\medimagencom\app\public\wp-admin\includes\class-bulk-upgrader-skin.php:152
[30-Dec-2020 17:15:17 UTC] PHP Warning:  sprintf(): Too few arguments in C:\Users\Usuario\Local Sites\medimagencom\app\public\wp-admin\includes\class-bulk-upgrader-skin.php on line 152
[30-Dec-2020 17:15:17 UTC] PHP Stack trace:
[30-Dec-2020 17:15:17 UTC] PHP   1. {main}() C:\Users\Usuario\Local Sites\medimagencom\app\public\wp-admin\themes.php:0
[30-Dec-2020 17:15:17 UTC] PHP   2. require_once() C:\Users\Usuario\Local Sites\medimagencom\app\public\wp-admin\themes.php:10
[30-Dec-2020 17:15:17 UTC] PHP   3. do_action() C:\Users\Usuario\Local Sites\medimagencom\app\public\wp-admin\admin.php:259
[30-Dec-2020 17:15:17 UTC] PHP   4. WP_Hook->do_action() C:\Users\Usuario\Local Sites\medimagencom\app\public\wp-includes\plugin.php:484
[30-Dec-2020 17:15:17 UTC] PHP   5. WP_Hook->apply_filters() C:\Users\Usuario\Local Sites\medimagencom\app\public\wp-includes\class-wp-hook.php:311
[30-Dec-2020 17:15:17 UTC] PHP   6. TGM_Plugin_Activation->install_plugins_page() C:\Users\Usuario\Local Sites\medimagencom\app\public\wp-includes\class-wp-hook.php:287
[30-Dec-2020 17:15:17 UTC] PHP   7. TGMPA_List_Table->process_bulk_actions() C:\Users\Usuario\Local Sites\medimagencom\app\public\wp-content\themes\mediclinic\includes\plugins\class-tgm-plugin-activation.php:743
[30-Dec-2020 17:15:17 UTC] PHP   8. TGMPA_Bulk_Installer->bulk_install() C:\Users\Usuario\Local Sites\medimagencom\app\public\wp-content\themes\mediclinic\includes\plugins\class-tgm-plugin-activation.php:2977
[30-Dec-2020 17:15:17 UTC] PHP   9. TGMPA_Bulk_Installer->run() C:\Users\Usuario\Local Sites\medimagencom\app\public\wp-content\themes\mediclinic\includes\plugins\class-tgm-plugin-activation.php:3371
[30-Dec-2020 17:15:17 UTC] PHP  10. TGMPA_Bulk_Installer->run() C:\Users\Usuario\Local Sites\medimagencom\app\public\wp-content\themes\mediclinic\includes\plugins\class-tgm-plugin-activation.php:3258
[30-Dec-2020 17:15:17 UTC] PHP  11. TGMPA_Bulk_Installer_Skin->after() C:\Users\Usuario\Local Sites\medimagencom\app\public\wp-admin\includes\class-wp-upgrader.php:813
[30-Dec-2020 17:15:17 UTC] PHP  12. TGMPA_Bulk_Installer_Skin->after() C:\Users\Usuario\Local Sites\medimagencom\app\public\wp-content\themes\mediclinic\includes\plugins\class-tgm-plugin-activation.php:3638
[30-Dec-2020 17:15:17 UTC] PHP  13. sprintf() C:\Users\Usuario\Local Sites\medimagencom\app\public\wp-admin\includes\class-bulk-upgrader-skin.php:152
